[11 May, 2024 - 17:40:02:402] [31merror[39m: [31mUser with username already exists[39m
[11 May, 2024 - 17:40:33:4033] [31merror[39m: [31mUser with username already exists[39m
[11 May, 2024 - 17:41:41:4141] [31merror[39m: [31mUser with username already exists[39m
[11 May, 2024 - 17:42:19:4219] [31merror[39m: [31mUser with username already exists[39m
[11 May, 2024 - 17:43:18:4318] [31merror[39m: [31mUser with username already exists[39m
[11 May, 2024 - 17:44:09:449] [31merror[39m: [31mUser with username already exists[39m
[11 May, 2024 - 17:44:38:4438] [31merror[39m: [31mUser with username already exists[39m
[11 May, 2024 - 17:44:50:4450] [31merror[39m: [31mUser with username already exists[39m
[11 May, 2024 - 17:45:12:4512] [31merror[39m: [31mUser with username already exists[39m
[11 May, 2024 - 17:45:49:4549] [31merror[39m: [31mUser with username already exists[39m
[11 May, 2024 - 18:07:20:720] [31merror[39m: [31mUser with username already exists[39m
[11 May, 2024 - 18:07:30:730] [31merror[39m: [31mUser with username already exists[39m
[11 May, 2024 - 18:09:44:944] [31merror[39m: [31mUser with username already exists[39m
[11 May, 2024 - 18:14:39:1439] [31merror[39m: [31mUser with username already exists[39m
[11 May, 2024 - 18:14:52:1452] [31merror[39m: [31mUser with username already exists[39m
[11 May, 2024 - 18:18:41:1841] [31merror[39m: [31mUser with username already exists[39m
[11 May, 2024 - 18:18:54:1854] [31merror[39m: [31mUser with username already exists[39m
[11 May, 2024 - 18:19:01:191] [31merror[39m: [31mUser with username already exists[39m
[11 May, 2024 - 18:23:46:2346] [31merror[39m: [31mUser with username already exists[39m
[11 May, 2024 - 18:25:53:2553] [31merror[39m: [31mUser with username already exists[39m
[11 May, 2024 - 18:25:55:2555] [31merror[39m: [31mUser with username already exists[39m
[11 May, 2024 - 18:25:56:2556] [31merror[39m: [31mUser with username already exists[39m
[11 May, 2024 - 18:25:57:2557] [31merror[39m: [31mUser with username already exists[39m
[13 May, 2024 - 10:10:04:104] [31merror[39m: [31mIncorrect password[39m
[13 May, 2024 - 10:10:14:1014] [31merror[39m: [31mIncorrect password[39m
[13 May, 2024 - 10:10:26:1026] [31merror[39m: [31mUser with email or username does not exists[39m
[13 May, 2024 - 10:24:57:2457] [31merror[39m: [31mError form my side[39m
[13 May, 2024 - 10:25:01:251] [31merror[39m: [31mError form my side[39m
[13 May, 2024 - 10:25:43:2543] [31merror[39m: [31mError form my side[39m
[13 May, 2024 - 14:10:04:104] [31merror[39m: [31mUser with email or username does not exists[39m
[13 May, 2024 - 15:04:44:444] [31merror[39m: [31mUser with email or username already exists[39m
[13 May, 2024 - 16:09:12:912] [31merror[39m: [31mUser with email or username already exists[39m
[13 May, 2024 - 16:11:53:1153] [31merror[39m: [31mUser with email or username already exists[39m
[13 May, 2024 - 16:42:09:429] [31merror[39m: [31mUser with email or username already exists[39m
[13 May, 2024 - 16:42:27:4227] [31merror[39m: [31mUser with email or username already exists[39m
[13 May, 2024 - 17:09:08:98] [31merror[39m: [31mUser with email or username already exists[39m
[15 May, 2024 - 18:06:07:67] [31merror[39m: [31mUser with email or username already exists[39m
[17 May, 2024 - 14:34:23:3423] [31merror[39m: [31mIncorrect password[39m
[15 Apr, 2025 - 13:40:03:403] [31merror[39m: [31mUser with email or username already exists[39m
[15 Apr, 2025 - 13:40:16:4016] [31merror[39m: [31mUser with email or username already exists[39m
[15 Apr, 2025 - 13:40:28:4028] [31merror[39m: [31mUser with email or username already exists[39m
[15 Apr, 2025 - 13:43:06:436] [31merror[39m: [31mUser with email or username already exists[39m
[15 Apr, 2025 - 16:06:00:60] [31merror[39m: [31mUser with email or username already exists[39m
[15 Apr, 2025 - 16:13:28:1328] [31merror[39m: [31mUser with this username already exists[39m
[15 Apr, 2025 - 16:13:40:1340] [31merror[39m: [31mUser with this username already exists[39m
[15 Apr, 2025 - 16:53:04:534] [31merror[39m: [31mUser with this email already exists[39m
[15 Apr, 2025 - 16:53:23:5323] [31merror[39m: [31mUser with this username already exists[39m
[15 Apr, 2025 - 16:53:26:5326] [31merror[39m: [31mUser with this username already exists[39m
[15 Apr, 2025 - 16:53:30:5330] [31merror[39m: [31mUser with this username already exists[39m
[17 Apr, 2025 - 12:37:45:3745] [31merror[39m: [31mUser with email or username does not exists[39m
[17 Apr, 2025 - 12:37:48:3748] [31merror[39m: [31mUser with email or username does not exists[39m
[17 Apr, 2025 - 12:37:49:3749] [31merror[39m: [31mUser with email or username does not exists[39m
[17 Apr, 2025 - 12:37:49:3749] [31merror[39m: [31mUser with email or username does not exists[39m
[17 Apr, 2025 - 12:37:49:3749] [31merror[39m: [31mUser with email or username does not exists[39m
[17 Apr, 2025 - 12:37:50:3750] [31merror[39m: [31mUser with email or username does not exists[39m
[18 Apr, 2025 - 11:46:34:4634] [31merror[39m: [31mUser with this email already exists[39m
[21 Apr, 2025 - 08:13:50:1350] [31merror[39m: [31mUser with this username already exists[39m
[21 Apr, 2025 - 09:15:19:1519] [31merror[39m: [31mUser with email or username does not exists[39m
[21 Apr, 2025 - 09:15:20:1520] [31merror[39m: [31mUser with email or username does not exists[39m
[21 Apr, 2025 - 09:15:21:1521] [31merror[39m: [31mUser with email or username does not exists[39m
[21 Apr, 2025 - 09:15:21:1521] [31merror[39m: [31mUser with email or username does not exists[39m
[21 Apr, 2025 - 09:15:21:1521] [31merror[39m: [31mUser with email or username does not exists[39m
[21 Apr, 2025 - 09:15:31:1531] [31merror[39m: [31mIncorrect password[39m
[21 Apr, 2025 - 10:48:08:488] [31merror[39m: [31mIncorrect password[39m
[21 Apr, 2025 - 10:48:40:4840] [31merror[39m: [31mUser with email or username does not exists[39m
[21 Apr, 2025 - 10:49:00:490] [31merror[39m: [31mUser with email or username does not exists[39m
[22 Apr, 2025 - 09:48:40:4840] [31merror[39m: [31mIncorrect password[39m
[22 Apr, 2025 - 09:48:43:4843] [31merror[39m: [31mIncorrect password[39m
[22 Apr, 2025 - 09:48:48:4848] [31merror[39m: [31mIncorrect password[39m
[22 Apr, 2025 - 09:49:23:4923] [31merror[39m: [31mIncorrect password[39m
[22 Apr, 2025 - 09:49:47:4947] [31merror[39m: [31mIncorrect password[39m
[22 Apr, 2025 - 09:53:08:538] [31merror[39m: [31mIncorrect password[39m
[22 Apr, 2025 - 09:53:22:5322] [31merror[39m: [31mIncorrect password[39m
[22 Apr, 2025 - 09:55:30:5530] [31merror[39m: [31mIncorrect password[39m
[22 Apr, 2025 - 09:55:34:5534] [31merror[39m: [31mIncorrect password[39m
[06 Jul, 2025 - 15:40:18:4018] [31merror[39m: [31mIncorrect password[39m
[06 Jul, 2025 - 15:40:38:4038] [31merror[39m: [31mUser with this email already exists[39m
[06 Jul, 2025 - 15:40:44:4044] [31merror[39m: [31mUser with this username already exists[39m
[06 Jul, 2025 - 15:40:48:4048] [31merror[39m: [31mUser with this username already exists[39m
[27 Jul, 2025 - 21:03:06:36] [31merror[39m: [31mUser with email or username does not exists[39m
[27 Jul, 2025 - 21:03:13:313] [31merror[39m: [31mUser with email or username does not exists[39m
[27 Jul, 2025 - 21:03:26:326] [31merror[39m: [31mUser with email or username does not exists[39m
[27 Jul, 2025 - 21:03:27:327] [31merror[39m: [31mUser with email or username does not exists[39m
[27 Jul, 2025 - 21:03:27:327] [31merror[39m: [31mUser with email or username does not exists[39m
[27 Jul, 2025 - 21:03:27:327] [31merror[39m: [31mUser with email or username does not exists[39m
[27 Jul, 2025 - 21:03:27:327] [31merror[39m: [31mUser with email or username does not exists[39m
[27 Jul, 2025 - 21:03:27:327] [31merror[39m: [31mUser with email or username does not exists[39m
[27 Jul, 2025 - 21:03:28:328] [31merror[39m: [31mUser with email or username does not exists[39m
[27 Jul, 2025 - 21:03:28:328] [31merror[39m: [31mUser with email or username does not exists[39m
[27 Jul, 2025 - 21:03:28:328] [31merror[39m: [31mUser with email or username does not exists[39m
[27 Jul, 2025 - 21:03:28:328] [31merror[39m: [31mUser with email or username does not exists[39m
[27 Jul, 2025 - 21:03:28:328] [31merror[39m: [31mUser with email or username does not exists[39m
[27 Jul, 2025 - 21:03:29:329] [31merror[39m: [31mUser with email or username does not exists[39m
[28 Jul, 2025 - 07:10:04:104] [31merror[39m: [31mUser with email or username does not exists[39m
[28 Jul, 2025 - 07:10:08:108] [31merror[39m: [31mUser with email or username does not exists[39m
[28 Jul, 2025 - 07:10:14:1014] [31merror[39m: [31mUser with email or username does not exists[39m
[28 Jul, 2025 - 07:10:31:1031] [31merror[39m: [31mUser with email or username does not exists[39m
[28 Jul, 2025 - 08:14:13:1413] [31merror[39m: [31mUser with email or username does not exists[39m
[28 Jul, 2025 - 09:35:47:3547] [31merror[39m: [31mUser with email or username does not exists[39m
[13 Oct, 2025 - 11:49:14:4914] [31merror[39m: [31mIncorrect password[39m
[13 Oct, 2025 - 11:49:16:4916] [31merror[39m: [31mIncorrect password[39m
[14 Oct, 2025 - 10:53:48:5348] [31merror[39m: [31mUser with email or username does not exists[39m
[14 Oct, 2025 - 10:53:50:5350] [31merror[39m: [31mUser with email or username does not exists[39m
[14 Oct, 2025 - 10:53:51:5351] [31merror[39m: [31mUser with email or username does not exists[39m
[14 Oct, 2025 - 10:53:52:5352] [31merror[39m: [31mUser with email or username does not exists[39m
[14 Oct, 2025 - 10:53:52:5352] [31merror[39m: [31mUser with email or username does not exists[39m
[14 Oct, 2025 - 10:53:52:5352] [31merror[39m: [31mUser with email or username does not exists[39m
[14 Oct, 2025 - 10:53:55:5355] [31merror[39m: [31mUser with email or username does not exists[39m
[14 Oct, 2025 - 10:53:59:5359] [31merror[39m: [31mUser with email or username does not exists[39m
[14 Oct, 2025 - 10:54:00:540] [31merror[39m: [31mUser with email or username does not exists[39m
[14 Oct, 2025 - 10:54:00:540] [31merror[39m: [31mUser with email or username does not exists[39m
[14 Oct, 2025 - 10:54:00:540] [31merror[39m: [31mUser with email or username does not exists[39m
[14 Oct, 2025 - 10:56:15:5615] [31merror[39m: [31mUser with email or username does not exists[39m
[14 Oct, 2025 - 10:56:17:5617] [31merror[39m: [31mUser with email or username does not exists[39m
[14 Oct, 2025 - 11:16:59:1659] [31merror[39m: [31mUser with email or username does not exists[39m
[23 Oct, 2025 - 08:14:39:1439] [31merror[39m: [31mUser with email or username does not exists[39m
[23 Oct, 2025 - 08:15:17:1517] [31merror[39m: [31mUser with email or username does not exists[39m
[23 Oct, 2025 - 08:15:21:1521] [31merror[39m: [31mUser with email or username does not exists[39m
[23 Oct, 2025 - 08:15:34:1534] [31merror[39m: [31mUser with email or username does not exists[39m
[23 Oct, 2025 - 08:15:50:1550] [31merror[39m: [31mUser with email or username does not exists[39m
[23 Oct, 2025 - 08:16:04:164] [31merror[39m: [31mUser with email or username does not exists[39m
[23 Oct, 2025 - 08:16:28:1628] [31merror[39m: [31mUser with email or username does not exists[39m
[23 Oct, 2025 - 08:16:29:1629] [31merror[39m: [31mUser with email or username does not exists[39m
[23 Oct, 2025 - 08:16:29:1629] [31merror[39m: [31mUser with email or username does not exists[39m
[23 Oct, 2025 - 08:16:29:1629] [31merror[39m: [31mUser with email or username does not exists[39m
[23 Oct, 2025 - 08:16:30:1630] [31merror[39m: [31mUser with email or username does not exists[39m
[23 Oct, 2025 - 08:16:30:1630] [31merror[39m: [31mUser with email or username does not exists[39m
[23 Oct, 2025 - 08:16:34:1634] [31merror[39m: [31mUser with email or username does not exists[39m
[23 Oct, 2025 - 08:17:42:1742] [31merror[39m: [31mUser with email or username does not exists[39m
[23 Oct, 2025 - 08:22:07:227] [31merror[39m: [31mUser with email or username does not exists[39m
